<?xml version="1.0" encoding="UTF-8"?>
<!-- Generated by org.testng.reporters.JUnitReportReporter -->
<testsuite hostname="Jarvis" failures="0" tests="5" name="testcases.TC003_BottomLinksValidation" time="113.666" errors="0" timestamp="2024-03-27T14:55:33 IST" skipped="0">
  <testcase classname="testcases.TC003_BottomLinksValidation" name="BottonLinksValidation" time="20.871"/>
  <system-out/>
  <testcase classname="testcases.TC003_BottomLinksValidation" name="BottonLinksValidation" time="16.877"/>
  <system-out/>
  <testcase classname="testcases.TC003_BottomLinksValidation" name="BottonLinksValidation" time="25.313"/>
  <system-out/>
  <testcase classname="testcases.TC003_BottomLinksValidation" name="BottonLinksValidation" time="18.875"/>
  <system-out/>
  <testcase classname="testcases.TC003_BottomLinksValidation" name="BottonLinksValidation" time="31.730"/>
  <system-out/>
</testsuite> <!-- testcases.TC003_BottomLinksValidation -->
