<?xml version="1.0" encoding="UTF-8"?>
<!-- Generated by org.testng.reporters.JUnitReportReporter -->
<testsuite hostname="Jarvis" failures="0" tests="1" name="testcases.TC005_ShopByDepartmentTest" time="37.418" errors="0" timestamp="2024-03-08T11:24:28 IST" skipped="0">
  <testcase classname="testcases.TC005_ShopByDepartmentTest" name="Shopbydept" time="37.418"/>
  <system-out/>
</testsuite> <!-- testcases.TC005_ShopByDepartmentTest -->
