<?xml version="1.0" encoding="UTF-8"?>
<!-- Generated by org.testng.reporters.JUnitReportReporter -->
<testsuite hostname="Jarvis" failures="0" tests="1" name="testcases.TC001_SignUpTest" time="29.229" errors="0" timestamp="2024-03-06T15:59:17 IST" skipped="0">
  <testcase classname="testcases.TC001_SignUpTest" name="SignUpTest" time="29.229"/>
  <system-out/>
</testsuite> <!-- testcases.TC001_SignUpTest -->
