<?xml version="1.0" encoding="UTF-8"?>
<!-- Generated by org.testng.reporters.JUnitReportReporter -->
<testsuite hostname="Jarvis" failures="0" tests="1" name="testcases.TC004_SearchAndAddToCartTest" time="39.580" errors="0" timestamp="2024-03-08T10:57:38 IST" skipped="0">
  <testcase classname="testcases.TC004_SearchAndAddToCartTest" name="SearchandAddToCart" time="39.580"/>
  <system-out/>
</testsuite> <!-- testcases.TC004_SearchAndAddToCartTest -->
