<?xml version="1.0" encoding="UTF-8"?>
<!-- Generated by org.testng.reporters.JUnitReportReporter -->
<testsuite hostname="Jarvis" failures="0" tests="1" name="testcases.TC006_ShopByBrandTest" time="37.884" errors="0" timestamp="2024-03-08T13:45:17 IST" skipped="0">
  <testcase classname="testcases.TC006_ShopByBrandTest" name="ShopByBrandTest" time="37.884"/>
  <system-out/>
</testsuite> <!-- testcases.TC006_ShopByBrandTest -->
