<?xml version="1.0" encoding="UTF-8"?>
<!-- Generated by org.testng.reporters.JUnitReportReporter -->
<testsuite hostname="Jarvis" failures="0" tests="1" name="testcases.TC002_LoginTest" time="21.687" errors="0" timestamp="2024-03-06T16:17:52 IST" skipped="0">
  <testcase classname="testcases.TC002_LoginTest" name="LoginTest" time="21.687"/>
  <system-out/>
</testsuite> <!-- testcases.TC002_LoginTest -->
