<?xml version="1.0" encoding="UTF-8"?>
<!-- Generated by org.testng.reporters.JUnitReportReporter -->
<testsuite hostname="Jarvis" failures="0" tests="1" name="testcases.TC004_SearchAndAddToCartTest" time="36.061" errors="0" timestamp="2024-03-27T14:59:18 IST" skipped="0">
  <testcase classname="testcases.TC004_SearchAndAddToCartTest" name="SearchandAddToCart" time="36.061"/>
  <system-out/>
</testsuite> <!-- testcases.TC004_SearchAndAddToCartTest -->
